This file contains any messages produced by compilers while
running configure, to aid debugging if configure makes a mistake.

It was created by configure, which was
generated by GNU Autoconf 2.63.  Invocation command line was

  $ ./configure 

## --------- ##
## Platform. ##
## --------- ##

hostname = ITMAs-iMac-2.local
uname -m = x86_64
uname -r = 13.4.0
uname -s = Darwin
uname -v = Darwin Kernel Version 13.4.0: Sun Aug 17 19:50:11 PDT 2014; root:xnu-2422.115.4~1/RELEASE_X86_64

/usr/bin/uname -p = i386
/bin/uname -X     = unknown

/bin/arch              = unknown
/usr/bin/arch -k       = unknown
/usr/convex/getsysinfo = unknown
/usr/bin/hostinfo      = Mach kernel version:
	 Darwin Kernel Version 13.4.0: Sun Aug 17 19:50:11 PDT 2014; root:xnu-2422.115.4~1/RELEASE_X86_64
Kernel configured for up to 4 processors.
4 processors are physically available.
4 processors are logically available.
Processor type: i486 (Intel 80486)
Processors active: 0 1 2 3
Primary memory available: 8.00 gigabytes
Default processor set: 211 tasks, 1102 threads, 4 processors
Load average: 2.01, Mach factor: 2.31
/bin/machine           = unknown
/usr/bin/oslevel       = unknown
/bin/universe          = unknown

PATH: /usr/local/
PATH: /usr/local/bin
PATH: /Applications/LilyPond.app/Contents/Resources/bin
PATH: /usr/local/Cellar/
PATH: /usr/bin
PATH: /bin
PATH: /usr/sbin
PATH: /sbin
PATH: /usr/local/bin
PATH: /opt/X11/bin
PATH: /usr/texbin


## ----------- ##
## Core tests. ##
## ----------- ##

configure:1846: checking build system type
configure:1864: result: x86_64-apple-darwin13.4.0
configure:1903: checking for a BSD-compatible install
configure:1971: result: /usr/bin/install -c
configure:1982: checking whether build environment is sane
configure:2042: result: yes
configure:2183: checking for a thread-safe mkdir -p
configure:2222: result: ./install-sh -c -d
configure:2235: checking for gawk
configure:2265: result: no
configure:2235: checking for mawk
configure:2265: result: no
configure:2235: checking for nawk
configure:2265: result: no
configure:2235: checking for awk
configure:2251: found /usr/bin/awk
configure:2262: result: awk
configure:2273: checking whether make sets $(MAKE)
configure:2295: result: yes
configure:2428: checking for gcc
configure:2444: found /usr/bin/gcc
configure:2455: result: gcc
configure:2687: checking for C compiler version
configure:2695: gcc --version >&5
Configured with: --prefix=/Applications/Xcode.app/Contents/Developer/usr --with-gxx-include-dir=/usr/include/c++/4.2.1
Apple LLVM version 6.0 (clang-600.0.56) (based on LLVM 3.5svn)
Target: x86_64-apple-darwin13.4.0
Thread model: posix
configure:2699: $? = 0
configure:2706: gcc -v >&5
Configured with: --prefix=/Applications/Xcode.app/Contents/Developer/usr --with-gxx-include-dir=/usr/include/c++/4.2.1
Apple LLVM version 6.0 (clang-600.0.56) (based on LLVM 3.5svn)
Target: x86_64-apple-darwin13.4.0
Thread model: posix
configure:2710: $? = 0
configure:2717: gcc -V >&5
clang: error: argument to '-V' is missing (expected 1 value)
clang: error: no input files
configure:2721: $? = 1
configure:2744: checking for C compiler default output file name
configure:2766: gcc    conftest.c  >&5
configure:2770: $? = 0
configure:2808: result: a.out
configure:2827: checking whether the C compiler works
configure:2837: ./a.out
configure:2841: $? = 0
configure:2860: result: yes
configure:2867: checking whether we are cross compiling
configure:2869: result: no
configure:2872: checking for suffix of executables
configure:2879: gcc -o conftest    conftest.c  >&5
configure:2883: $? = 0
configure:2909: result: 
configure:2915: checking for suffix of object files
configure:2941: gcc -c   conftest.c >&5
configure:2945: $? = 0
configure:2970: result: o
configure:2974: checking whether we are using the GNU C compiler
configure:3003: gcc -c   conftest.c >&5
configure:3010: $? = 0
configure:3027: result: yes
configure:3036: checking whether gcc accepts -g
configure:3066: gcc -c -g  conftest.c >&5
configure:3073: $? = 0
configure:3174: result: yes
configure:3191: checking for gcc option to accept ISO C89
configure:3265: gcc  -c   conftest.c >&5
configure:3272: $? = 0
configure:3295: result: none needed
configure:3324: checking for style of include used by make
configure:3352: result: GNU
configure:3377: checking dependency style of gcc
configure:3487: result: gcc3
configure:3560: checking for g++
configure:3576: found /usr/bin/g++
configure:3587: result: g++
configure:3614: checking for C++ compiler version
configure:3622: g++ --version >&5
Configured with: --prefix=/Applications/Xcode.app/Contents/Developer/usr --with-gxx-include-dir=/usr/include/c++/4.2.1
Apple LLVM version 6.0 (clang-600.0.56) (based on LLVM 3.5svn)
Target: x86_64-apple-darwin13.4.0
Thread model: posix
configure:3626: $? = 0
configure:3633: g++ -v >&5
Configured with: --prefix=/Applications/Xcode.app/Contents/Developer/usr --with-gxx-include-dir=/usr/include/c++/4.2.1
Apple LLVM version 6.0 (clang-600.0.56) (based on LLVM 3.5svn)
Target: x86_64-apple-darwin13.4.0
Thread model: posix
configure:3637: $? = 0
configure:3644: g++ -V >&5
clang: error: argument to '-V' is missing (expected 1 value)
clang: error: no input files
configure:3648: $? = 1
configure:3651: checking whether we are using the GNU C++ compiler
configure:3680: g++ -c   conftest.cpp >&5
configure:3687: $? = 0
configure:3704: result: yes
configure:3713: checking whether g++ accepts -g
configure:3743: g++ -c -g  conftest.cpp >&5
configure:3750: $? = 0
configure:3851: result: yes
configure:3876: checking dependency style of g++
configure:3986: result: gcc3
configure:4015: checking for a BSD-compatible install
configure:4083: result: /usr/bin/install -c
configure:4383: creating ./config.status

## ---------------------- ##
## Running config.status. ##
## ---------------------- ##

This file was extended by config.status, which was
generated by GNU Autoconf 2.63.  Invocation command line was

  CONFIG_FILES    = 
  CONFIG_HEADERS  = 
  CONFIG_LINKS    = 
  CONFIG_COMMANDS = 
  $ ./config.status 

on ITMAs-iMac-2.local

config.status:699: creating Makefile
config.status:910: executing depfiles commands

## ---------------- ##
## Cache variables. ##
## ---------------- ##

ac_cv_build=x86_64-apple-darwin13.4.0
ac_cv_c_compiler_gnu=yes
ac_cv_cxx_compiler_gnu=yes
ac_cv_env_CCC_set=
ac_cv_env_CCC_value=
ac_cv_env_CC_set=
ac_cv_env_CC_value=
ac_cv_env_CFLAGS_set=
ac_cv_env_CFLAGS_value=
ac_cv_env_CPPFLAGS_set=
ac_cv_env_CPPFLAGS_value=
ac_cv_env_CXXFLAGS_set=
ac_cv_env_CXXFLAGS_value=
ac_cv_env_CXX_set=
ac_cv_env_CXX_value=
ac_cv_env_LDFLAGS_set=
ac_cv_env_LDFLAGS_value=
ac_cv_env_LIBS_set=
ac_cv_env_LIBS_value=
ac_cv_env_build_alias_set=
ac_cv_env_build_alias_value=
ac_cv_env_host_alias_set=
ac_cv_env_host_alias_value=
ac_cv_env_target_alias_set=
ac_cv_env_target_alias_value=
ac_cv_objext=o
ac_cv_path_install='/usr/bin/install -c'
ac_cv_prog_AWK=awk
ac_cv_prog_ac_ct_CC=gcc
ac_cv_prog_ac_ct_CXX=g++
ac_cv_prog_cc_c89=
ac_cv_prog_cc_g=yes
ac_cv_prog_cxx_g=yes
ac_cv_prog_make_make_set=yes
am_cv_CC_dependencies_compiler_type=gcc3
am_cv_CXX_dependencies_compiler_type=gcc3

## ----------------- ##
## Output variables. ##
## ----------------- ##

ACLOCAL='${SHELL} /Users/itma/Downloads/BWF_MetaEdit/Project/GNU/CLI/missing --run aclocal-1.11'
AMDEPBACKSLASH='\'
AMDEP_FALSE='#'
AMDEP_TRUE=''
AMTAR='${SHELL} /Users/itma/Downloads/BWF_MetaEdit/Project/GNU/CLI/missing --run tar'
AUTOCONF='${SHELL} /Users/itma/Downloads/BWF_MetaEdit/Project/GNU/CLI/missing --run autoconf'
AUTOHEADER='${SHELL} /Users/itma/Downloads/BWF_MetaEdit/Project/GNU/CLI/missing --run autoheader'
AUTOMAKE='${SHELL} /Users/itma/Downloads/BWF_MetaEdit/Project/GNU/CLI/missing --run automake-1.11'
AWK='awk'
CC='gcc'
CCDEPMODE='depmode=gcc3'
CFLAGS=' -O2'
CPPFLAGS=''
CXX='g++'
CXXDEPMODE='depmode=gcc3'
CXXFLAGS=' -DTIXML_USE_STL -pthread -O2'
CYGPATH_W='echo'
DEFS='-DPACKAGE_NAME=\"\" -DPACKAGE_TARNAME=\"\" -DPACKAGE_VERSION=\"\" -DPACKAGE_STRING=\"\" -DPACKAGE_BUGREPORT=\"\" -DPACKAGE=\"bwfmetaedit\" -DVERSION=\"0\"'
DEPDIR='.deps'
ECHO_C='\c'
ECHO_N=''
ECHO_T=''
EXEEXT=''
INSTALL_DATA='${INSTALL} -m 644'
INSTALL_PROGRAM='${INSTALL}'
INSTALL_SCRIPT='${INSTALL}'
INSTALL_STRIP_PROGRAM='$(install_sh) -c -s'
LDFLAGS=' -lpthread -pthread'
LIBOBJS=''
LIBS=''
LTLIBOBJS=''
MAKEINFO='${SHELL} /Users/itma/Downloads/BWF_MetaEdit/Project/GNU/CLI/missing --run makeinfo'
MKDIR_P='./install-sh -c -d'
OBJEXT='o'
PACKAGE='bwfmetaedit'
PACKAGE_BUGREPORT=''
PACKAGE_NAME=''
PACKAGE_STRING=''
PACKAGE_TARNAME=''
PACKAGE_VERSION=''
PATH_SEPARATOR=':'
SET_MAKE=''
SHELL='/bin/sh'
STRIP=''
VERSION='0'
ac_ct_CC='gcc'
ac_ct_CXX='g++'
am__EXEEXT_FALSE=''
am__EXEEXT_TRUE='#'
am__fastdepCC_FALSE='#'
am__fastdepCC_TRUE=''
am__fastdepCXX_FALSE='#'
am__fastdepCXX_TRUE=''
am__include='include'
am__isrc=''
am__leading_dot='.'
am__quote=''
am__tar='${AMTAR} chof - "$$tardir"'
am__untar='${AMTAR} xf -'
bindir='${exec_prefix}/bin'
build='x86_64-apple-darwin13.4.0'
build_alias=''
build_cpu='x86_64'
build_os='darwin13.4.0'
build_vendor='apple'
datadir='${datarootdir}'
datarootdir='${prefix}/share'
docdir='${datarootdir}/doc/${PACKAGE}'
dvidir='${docdir}'
exec_prefix='${prefix}'
host_alias=''
htmldir='${docdir}'
includedir='${prefix}/include'
infodir='${datarootdir}/info'
install_sh='${SHELL} /Users/itma/Downloads/BWF_MetaEdit/Project/GNU/CLI/install-sh'
libdir='${exec_prefix}/lib'
libexecdir='${exec_prefix}/libexec'
localedir='${datarootdir}/locale'
localstatedir='${prefix}/var'
mandir='${datarootdir}/man'
mkdir_p='$(top_builddir)/./install-sh -c -d'
oldincludedir='/usr/include'
pdfdir='${docdir}'
prefix='/usr/local'
program_transform_name='s,x,x,'
psdir='${docdir}'
sbindir='${exec_prefix}/sbin'
sharedstatedir='${prefix}/com'
sysconfdir='${prefix}/etc'
target_alias=''

## ----------- ##
## confdefs.h. ##
## ----------- ##

#define PACKAGE_NAME ""
#define PACKAGE_TARNAME ""
#define PACKAGE_VERSION ""
#define PACKAGE_STRING ""
#define PACKAGE_BUGREPORT ""
#define PACKAGE "bwfmetaedit"
#define VERSION "0"

configure: exit 0
